GAS LISTING /tmp/cccwVj7f.s 			page 1


   1               		.file	"font.c"
   2               	__SP_H__ = 0x3e
   3               	__SP_L__ = 0x3d
   4               	__SREG__ = 0x3f
   5               	__tmp_reg__ = 0
   6               	__zero_reg__ = 1
   7               		.text
   8               	.Ltext0:
   9               		.cfi_sections	.debug_frame
  10               		.file 0 "/home/kaicho/Documents/Southampton/D5/lcdtest/lcdlib" "font.c"
  11               	.global	font5x7
  12               		.section	.progmem.data,"a",@progbits
  13               		.type	font5x7, @object
  14               		.size	font5x7, 475
  15               	font5x7:
  16 0000 00        		.string	""
  17 0001 00        		.string	""
  18 0002 00        		.string	""
  19 0003 00        		.string	""
  20 0004 00        		.string	""
  21 0005 00        		.string	""
  22 0006 00        		.string	""
  23 0007 5F00      		.string	"_"
  24 0009 00        		.string	""
  25 000a 00        		.string	""
  26 000b 0300      		.string	"\003"
  27 000d 0300      		.string	"\003"
  28 000f 143E 143E 		.string	"\024>\024>\024$*\177*\022C3\bfa6IU\"P"
  28      1424 2A7F 
  28      2A12 4333 
  28      0866 6136 
  28      4955 2250 
  29 0024 0503 00   		.string	"\005\003"
  30 0027 00        		.string	""
  31 0028 00        		.string	""
  32 0029 1C22 4100 		.string	"\034\"A"
  33 002d 00        		.string	""
  34 002e 4122 1C00 		.string	"A\"\034"
  35 0032 1408 3E08 		.string	"\024\b>\b\024\b\b>\b\b"
  35      1408 083E 
  35      0808 00
  36 003d 5030 00   		.string	"P0"
  37 0040 00        		.string	""
  38 0041 0808 0808 		.string	"\b\b\b\b\b"
  38      0800 
  39 0047 6060 00   		.string	"``"
  40 004a 00        		.string	""
  41 004b 2010 0804 		.string	" \020\b\004\002>QIE>"
  41      023E 5149 
  41      453E 00
  42 0056 0402 7F00 		.string	"\004\002\177"
  43 005a 4261 5149 		.string	"BaQIF\"AII6\030\024\022\177\020'EEE9>III2\001\001q\t\0076III6&III>"
  43      4622 4149 
  43      4936 1814 
  43      127F 1027 
  43      4545 4539 
  44 0083 3636 00   		.string	"66"
GAS LISTING /tmp/cccwVj7f.s 			page 2


  45 0086 00        		.string	""
  46 0087 00        		.string	""
  47 0088 5636 00   		.string	"V6"
  48 008b 00        		.string	""
  49 008c 0814 2241 		.string	"\b\024\"A"
  49      00
  50 0091 1414 1414 		.string	"\024\024\024\024\024"
  50      1400 
  51 0097 4122 1408 		.string	"A\"\024\b\002\001Q\t\006>AYU^~\t\t\t~\177III6>AAA\"\177AAA>\177IIIA\177\t\t\t\001>AAI:\17
  51      0201 5109 
  51      063E 4159 
  51      555E 7E09 
  51      0909 7E7F 
  52 00ce 417F 4100 		.string	"A\177A"
  53 00d2 3040 4040 		.string	"0@@@?\177\b\024\"A\177@@@@\177\002\f\002\177\177\002\004\b\177>AAA>\177\t\t\t\006\036!!!^
  53      3F7F 0814 
  53      2241 7F40 
  53      4040 407F 
  53      020C 027F 
  54 0128 7F41 00   		.string	"\177A"
  55 012b 00        		.string	""
  56 012c 0204 0810 		.string	"\002\004\b\020 "
  56      2000 
  57 0132 00        		.string	""
  58 0133 417F 00   		.string	"A\177"
  59 0136 0402 0102 		.string	"\004\002\001\002\004@@@@@"
  59      0440 4040 
  59      4040 00
  60 0141 0102 0400 		.string	"\001\002\004"
  61 0145 2054 5454 		.string	" TTTx\177DDD88DDDD8DDD\1778TTT\030\004\004~\005\005\bTTT<\177\b\004\004x"
  61      787F 4444 
  61      4438 3844 
  61      4444 4438 
  61      4444 447F 
  62 016e 447D 4000 		.string	"D}@"
  63 0172 2040 443D 		.string	" @D="
  63      00
  64 0177 7F10 2844 		.string	"\177\020(D"
  64      00
  65 017c 00        		.string	""
  66 017d 417F 4000 		.string	"A\177@"
  67 0181 7C04 7804 		.string	"|\004x\004x|\b\004\004x8DDD8|\024\024\024\b\b\024\024\024|"
  67      787C 0804 
  67      0478 3844 
  67      4444 387C 
  67      1414 1408 
  68 019b 7C08 0404 		.string	"|\b\004\004HTTT \004\004?DD<@@ |\034 @ \034<@0@<D(\020(D\fPPP<DdTLD"
  68      4854 5454 
  68      2004 043F 
  68      4444 3C40 
  68      4020 7C1C 
  69 01c8 0836 4141 		.string	"\b6AA"
  69      00
  70 01cd 00        		.string	""
  71 01ce 7F00      		.string	"\177"
  72 01d0 00        		.string	""
  73 01d1 4141 3608 		.string	"AA6\b"
GAS LISTING /tmp/cccwVj7f.s 			page 3


  73      00
  74 01d6 0201 0204 		.ascii	"\002\001\002\004\002"
  74      02
  75               		.text
  76               	.Letext0:
  77               		.file 1 "/usr/avr/include/stdint.h"
  78               		.file 2 "font.c"
  79               		.section	.debug_info,"",@progbits
  80               	.Ldebug_info0:
  81 0000 8C00 0000 		.long	0x8c
  82 0004 0500      		.word	0x5
  83 0006 01        		.byte	0x1
  84 0007 04        		.byte	0x4
  85 0008 0000 0000 		.long	.Ldebug_abbrev0
  86 000c 03        		.uleb128 0x3
  87 000d 0000 0000 		.long	.LASF9
  88 0011 1D        		.byte	0x1d
  89 0012 0000 0000 		.long	.LASF0
  90 0016 0000 0000 		.long	.LASF1
  91 001a 0000 0000 		.long	.Ldebug_line0
  92 001e 01        		.uleb128 0x1
  93 001f 01        		.byte	0x1
  94 0020 06        		.byte	0x6
  95 0021 0000 0000 		.long	.LASF2
  96 0025 04        		.uleb128 0x4
  97 0026 0000 0000 		.long	.LASF10
  98 002a 01        		.byte	0x1
  99 002b 7E        		.byte	0x7e
 100 002c 16        		.byte	0x16
 101 002d 3600 0000 		.long	0x36
 102 0031 02        		.uleb128 0x2
 103 0032 2500 0000 		.long	0x25
 104 0036 01        		.uleb128 0x1
 105 0037 01        		.byte	0x1
 106 0038 08        		.byte	0x8
 107 0039 0000 0000 		.long	.LASF3
 108 003d 05        		.uleb128 0x5
 109 003e 02        		.byte	0x2
 110 003f 05        		.byte	0x5
 111 0040 696E 7400 		.string	"int"
 112 0044 01        		.uleb128 0x1
 113 0045 02        		.byte	0x2
 114 0046 07        		.byte	0x7
 115 0047 0000 0000 		.long	.LASF4
 116 004b 01        		.uleb128 0x1
 117 004c 04        		.byte	0x4
 118 004d 05        		.byte	0x5
 119 004e 0000 0000 		.long	.LASF5
 120 0052 01        		.uleb128 0x1
 121 0053 04        		.byte	0x4
 122 0054 07        		.byte	0x7
 123 0055 0000 0000 		.long	.LASF6
 124 0059 01        		.uleb128 0x1
 125 005a 08        		.byte	0x8
 126 005b 05        		.byte	0x5
 127 005c 0000 0000 		.long	.LASF7
 128 0060 01        		.uleb128 0x1
GAS LISTING /tmp/cccwVj7f.s 			page 4


 129 0061 08        		.byte	0x8
 130 0062 07        		.byte	0x7
 131 0063 0000 0000 		.long	.LASF8
 132 0067 06        		.uleb128 0x6
 133 0068 3100 0000 		.long	0x31
 134 006c 7800 0000 		.long	0x78
 135 0070 07        		.uleb128 0x7
 136 0071 4400 0000 		.long	0x44
 137 0075 DA01      		.word	0x1da
 138 0077 00        		.byte	0
 139 0078 02        		.uleb128 0x2
 140 0079 6700 0000 		.long	0x67
 141 007d 08        		.uleb128 0x8
 142 007e 0000 0000 		.long	.LASF11
 143 0082 02        		.byte	0x2
 144 0083 0C        		.byte	0xc
 145 0084 0F        		.byte	0xf
 146 0085 7800 0000 		.long	0x78
 147 0089 05        		.uleb128 0x5
 148 008a 03        		.byte	0x3
 149 008b 0000 0000 		.long	font5x7
 150 008f 00        		.byte	0
 151               		.section	.debug_abbrev,"",@progbits
 152               	.Ldebug_abbrev0:
 153 0000 01        		.uleb128 0x1
 154 0001 24        		.uleb128 0x24
 155 0002 00        		.byte	0
 156 0003 0B        		.uleb128 0xb
 157 0004 0B        		.uleb128 0xb
 158 0005 3E        		.uleb128 0x3e
 159 0006 0B        		.uleb128 0xb
 160 0007 03        		.uleb128 0x3
 161 0008 0E        		.uleb128 0xe
 162 0009 00        		.byte	0
 163 000a 00        		.byte	0
 164 000b 02        		.uleb128 0x2
 165 000c 26        		.uleb128 0x26
 166 000d 00        		.byte	0
 167 000e 49        		.uleb128 0x49
 168 000f 13        		.uleb128 0x13
 169 0010 00        		.byte	0
 170 0011 00        		.byte	0
 171 0012 03        		.uleb128 0x3
 172 0013 11        		.uleb128 0x11
 173 0014 01        		.byte	0x1
 174 0015 25        		.uleb128 0x25
 175 0016 0E        		.uleb128 0xe
 176 0017 13        		.uleb128 0x13
 177 0018 0B        		.uleb128 0xb
 178 0019 03        		.uleb128 0x3
 179 001a 1F        		.uleb128 0x1f
 180 001b 1B        		.uleb128 0x1b
 181 001c 1F        		.uleb128 0x1f
 182 001d 10        		.uleb128 0x10
 183 001e 17        		.uleb128 0x17
 184 001f 00        		.byte	0
 185 0020 00        		.byte	0
GAS LISTING /tmp/cccwVj7f.s 			page 5


 186 0021 04        		.uleb128 0x4
 187 0022 16        		.uleb128 0x16
 188 0023 00        		.byte	0
 189 0024 03        		.uleb128 0x3
 190 0025 0E        		.uleb128 0xe
 191 0026 3A        		.uleb128 0x3a
 192 0027 0B        		.uleb128 0xb
 193 0028 3B        		.uleb128 0x3b
 194 0029 0B        		.uleb128 0xb
 195 002a 39        		.uleb128 0x39
 196 002b 0B        		.uleb128 0xb
 197 002c 49        		.uleb128 0x49
 198 002d 13        		.uleb128 0x13
 199 002e 00        		.byte	0
 200 002f 00        		.byte	0
 201 0030 05        		.uleb128 0x5
 202 0031 24        		.uleb128 0x24
 203 0032 00        		.byte	0
 204 0033 0B        		.uleb128 0xb
 205 0034 0B        		.uleb128 0xb
 206 0035 3E        		.uleb128 0x3e
 207 0036 0B        		.uleb128 0xb
 208 0037 03        		.uleb128 0x3
 209 0038 08        		.uleb128 0x8
 210 0039 00        		.byte	0
 211 003a 00        		.byte	0
 212 003b 06        		.uleb128 0x6
 213 003c 01        		.uleb128 0x1
 214 003d 01        		.byte	0x1
 215 003e 49        		.uleb128 0x49
 216 003f 13        		.uleb128 0x13
 217 0040 01        		.uleb128 0x1
 218 0041 13        		.uleb128 0x13
 219 0042 00        		.byte	0
 220 0043 00        		.byte	0
 221 0044 07        		.uleb128 0x7
 222 0045 21        		.uleb128 0x21
 223 0046 00        		.byte	0
 224 0047 49        		.uleb128 0x49
 225 0048 13        		.uleb128 0x13
 226 0049 2F        		.uleb128 0x2f
 227 004a 05        		.uleb128 0x5
 228 004b 00        		.byte	0
 229 004c 00        		.byte	0
 230 004d 08        		.uleb128 0x8
 231 004e 34        		.uleb128 0x34
 232 004f 00        		.byte	0
 233 0050 03        		.uleb128 0x3
 234 0051 0E        		.uleb128 0xe
 235 0052 3A        		.uleb128 0x3a
 236 0053 0B        		.uleb128 0xb
 237 0054 3B        		.uleb128 0x3b
 238 0055 0B        		.uleb128 0xb
 239 0056 39        		.uleb128 0x39
 240 0057 0B        		.uleb128 0xb
 241 0058 49        		.uleb128 0x49
 242 0059 13        		.uleb128 0x13
GAS LISTING /tmp/cccwVj7f.s 			page 6


 243 005a 3F        		.uleb128 0x3f
 244 005b 19        		.uleb128 0x19
 245 005c 02        		.uleb128 0x2
 246 005d 18        		.uleb128 0x18
 247 005e 00        		.byte	0
 248 005f 00        		.byte	0
 249 0060 00        		.byte	0
 250               		.section	.debug_aranges,"",@progbits
 251 0000 1400 0000 		.long	0x14
 252 0004 0200      		.word	0x2
 253 0006 0000 0000 		.long	.Ldebug_info0
 254 000a 04        		.byte	0x4
 255 000b 00        		.byte	0
 256 000c 0000      		.word	0
 257 000e 0000      		.word	0
 258 0010 0000 0000 		.long	0
 259 0014 0000 0000 		.long	0
 260               		.section	.debug_line,"",@progbits
 261               	.Ldebug_line0:
 262 0000 3B00 0000 		.section	.debug_str,"MS",@progbits,1
 262      0500 0400 
 262      3300 0000 
 262      0201 01FB 
 262      0E0D 0001 
 263               	.LASF7:
 264 0000 6C6F 6E67 		.string	"long long int"
 264      206C 6F6E 
 264      6720 696E 
 264      7400 
 265               	.LASF4:
 266 000e 756E 7369 		.string	"unsigned int"
 266      676E 6564 
 266      2069 6E74 
 266      00
 267               	.LASF6:
 268 001b 6C6F 6E67 		.string	"long unsigned int"
 268      2075 6E73 
 268      6967 6E65 
 268      6420 696E 
 268      7400 
 269               	.LASF8:
 270 002d 6C6F 6E67 		.string	"long long unsigned int"
 270      206C 6F6E 
 270      6720 756E 
 270      7369 676E 
 270      6564 2069 
 271               	.LASF10:
 272 0044 7569 6E74 		.string	"uint8_t"
 272      385F 7400 
 273               	.LASF3:
 274 004c 756E 7369 		.string	"unsigned char"
 274      676E 6564 
 274      2063 6861 
 274      7200 
 275               	.LASF5:
 276 005a 6C6F 6E67 		.string	"long int"
 276      2069 6E74 
GAS LISTING /tmp/cccwVj7f.s 			page 7


 276      00
 277               	.LASF11:
 278 0063 666F 6E74 		.string	"font5x7"
 278      3578 3700 
 279               	.LASF9:
 280 006b 474E 5520 		.string	"GNU C17 12.2.0 -mn-flash=1 -mno-skip-bug -mdouble=32 -mlong-double=64 -mmcu=avr5 -g -Os -
 280      4331 3720 
 280      3132 2E32 
 280      2E30 202D 
 280      6D6E 2D66 
 281               	.LASF2:
 282 00f6 7369 676E 		.string	"signed char"
 282      6564 2063 
 282      6861 7200 
 283               		.section	.debug_line_str,"MS",@progbits,1
 284               	.LASF1:
 285 0000 2F68 6F6D 		.string	"/home/kaicho/Documents/Southampton/D5/lcdtest/lcdlib"
 285      652F 6B61 
 285      6963 686F 
 285      2F44 6F63 
 285      756D 656E 
 286               	.LASF0:
 287 0035 666F 6E74 		.string	"font.c"
 287      2E63 00
 288 003c 2F68 6F6D 		.ident	"GCC: (GNU) 12.2.0"
 288      652F 6B61 
 288      6963 686F 
 288      2F44 6F63 
 288      756D 656E 
GAS LISTING /tmp/cccwVj7f.s 			page 8


DEFINED SYMBOLS
                            *ABS*:0000000000000000 font.c
     /tmp/cccwVj7f.s:2      *ABS*:000000000000003e __SP_H__
     /tmp/cccwVj7f.s:3      *ABS*:000000000000003d __SP_L__
     /tmp/cccwVj7f.s:4      *ABS*:000000000000003f __SREG__
     /tmp/cccwVj7f.s:5      *ABS*:0000000000000000 __tmp_reg__
     /tmp/cccwVj7f.s:6      *ABS*:0000000000000001 __zero_reg__
     /tmp/cccwVj7f.s:15     .progmem.data:0000000000000000 font5x7
     /tmp/cccwVj7f.s:152    .debug_abbrev:0000000000000000 .Ldebug_abbrev0
     /tmp/cccwVj7f.s:261    .debug_line:0000000000000000 .Ldebug_line0
     /tmp/cccwVj7f.s:80     .debug_info:0000000000000000 .Ldebug_info0

NO UNDEFINED SYMBOLS
