GAS LISTING /tmp/ccJj2IqO.s 			page 1


   1               		.file	"adc.c"
   2               	__SP_H__ = 0x3e
   3               	__SP_L__ = 0x3d
   4               	__SREG__ = 0x3f
   5               	__tmp_reg__ = 0
   6               	__zero_reg__ = 1
   7               		.text
   8               	.Ltext0:
   9               		.cfi_sections	.debug_frame
  10               		.file 0 "/home/kaicho/Documents/Southampton/D5/update/sotond5/libadc" "adc.c"
  11               	.global	init_timers
  12               		.type	init_timers, @function
  13               	init_timers:
  14               	.LFB11:
  15               		.file 1 "adc.c"
   1:adc.c         **** #include <stdio.h>
   2:adc.c         **** #include <avr/io.h>
   3:adc.c         **** #include <util/delay.h>
   4:adc.c         **** #include <avr/interrupt.h>
   5:adc.c         **** #include <stdbool.h>
   6:adc.c         **** #include "../libio/io.h"
   7:adc.c         **** 
   8:adc.c         **** volatile uint16_t adc_read;
   9:adc.c         **** volatile bool calibrating, adc_rdy, sync, adc_mux_rdy;
  10:adc.c         **** uint8_t TIMER0_TOP;
  11:adc.c         **** uint8_t OFFSET;
  12:adc.c         **** //  TOP value used to fine tune the phase delay to capture the mains AC phase.
  13:adc.c         **** 
  14:adc.c         **** void init_timers(void)
  15:adc.c         **** {
  16               		.loc 1 15 1 view -0
  17               		.cfi_startproc
  18               	/* prologue: function */
  19               	/* frame size = 0 */
  20               	/* stack size = 0 */
  21               	.L__stack_usage = 0
  16:adc.c         **** 	TCCR0A = 0x02; // set timer0 to CTC mode with 1024 prescaler
  22               		.loc 1 16 2 view .LVU1
  23               		.loc 1 16 9 is_stmt 0 view .LVU2
  24 0000 82E0      		ldi r24,lo8(2)
  25 0002 84BD      		out 0x24,r24
  17:adc.c         **** 	TCCR0B = 0x05;
  26               		.loc 1 17 2 is_stmt 1 view .LVU3
  27               		.loc 1 17 9 is_stmt 0 view .LVU4
  28 0004 95E0      		ldi r25,lo8(5)
  29 0006 95BD      		out 0x25,r25
  18:adc.c         **** 	TCNT0 = 0;
  30               		.loc 1 18 2 is_stmt 1 view .LVU5
  31               		.loc 1 18 8 is_stmt 0 view .LVU6
  32 0008 16BC      		out 0x26,__zero_reg__
  19:adc.c         ****     TIMSK0 = 0;
  33               		.loc 1 19 5 is_stmt 1 view .LVU7
  34               		.loc 1 19 12 is_stmt 0 view .LVU8
  35 000a 1092 6E00 		sts 110,__zero_reg__
  20:adc.c         **** 
  21:adc.c         ****     TCCR2A = 0x02;
  36               		.loc 1 21 5 is_stmt 1 view .LVU9
GAS LISTING /tmp/ccJj2IqO.s 			page 2


  37               		.loc 1 21 12 is_stmt 0 view .LVU10
  38 000e 8093 B000 		sts 176,r24
  22:adc.c         ****     TCCR2B = 0x00; // Timer2 will be set to CTC mode with no prescaler to sync with the ADC clock.
  39               		.loc 1 22 5 is_stmt 1 view .LVU11
  40               		.loc 1 22 12 is_stmt 0 view .LVU12
  41 0012 1092 B100 		sts 177,__zero_reg__
  23:adc.c         ****     OCR2A = 239;
  42               		.loc 1 23 5 is_stmt 1 view .LVU13
  43               		.loc 1 23 11 is_stmt 0 view .LVU14
  44 0016 9FEE      		ldi r25,lo8(-17)
  45 0018 9093 B300 		sts 179,r25
  24:adc.c         ****     TIMSK2 = 0x02; // Setting the interrupt on OCR2A
  46               		.loc 1 24 5 is_stmt 1 view .LVU15
  47               		.loc 1 24 12 is_stmt 0 view .LVU16
  48 001c 8093 7000 		sts 112,r24
  49               	/* epilogue start */
  25:adc.c         **** 
  26:adc.c         **** 	//set prescaler to 1024, count up to 116 (OCR0A),
  27:adc.c         **** }
  50               		.loc 1 27 1 view .LVU17
  51 0020 0895      		ret
  52               		.cfi_endproc
  53               	.LFE11:
  54               		.size	init_timers, .-init_timers
  55               	.global	adts_disable
  56               		.type	adts_disable, @function
  57               	adts_disable:
  58               	.LFB12:
  28:adc.c         **** 
  29:adc.c         **** void adts_disable(void){
  59               		.loc 1 29 24 is_stmt 1 view -0
  60               		.cfi_startproc
  61               	/* prologue: function */
  62               	/* frame size = 0 */
  63               	/* stack size = 0 */
  64               	.L__stack_usage = 0
  30:adc.c         ****     ADCSRB = 0;
  65               		.loc 1 30 5 view .LVU19
  66               		.loc 1 30 12 is_stmt 0 view .LVU20
  67 0022 1092 7B00 		sts 123,__zero_reg__
  68               	/* epilogue start */
  31:adc.c         **** }
  69               		.loc 1 31 1 view .LVU21
  70 0026 0895      		ret
  71               		.cfi_endproc
  72               	.LFE12:
  73               		.size	adts_disable, .-adts_disable
  74               	.global	adts_enable
  75               		.type	adts_enable, @function
  76               	adts_enable:
  77               	.LFB13:
  32:adc.c         **** 
  33:adc.c         **** void adts_enable(void){
  78               		.loc 1 33 23 is_stmt 1 view -0
  79               		.cfi_startproc
  80               	/* prologue: function */
  81               	/* frame size = 0 */
GAS LISTING /tmp/ccJj2IqO.s 			page 3


  82               	/* stack size = 0 */
  83               	.L__stack_usage = 0
  34:adc.c         ****     ADCSRB |=_BV(ADTS1);
  84               		.loc 1 34 5 view .LVU23
  85 0028 EBE7      		ldi r30,lo8(123)
  86 002a F0E0      		ldi r31,0
  87 002c 8081      		ld r24,Z
  88               		.loc 1 34 12 is_stmt 0 view .LVU24
  89 002e 8260      		ori r24,lo8(2)
  90 0030 8083      		st Z,r24
  35:adc.c         **** 	ADCSRB |=_BV(ADTS0);
  91               		.loc 1 35 2 is_stmt 1 view .LVU25
  92 0032 8081      		ld r24,Z
  93               		.loc 1 35 9 is_stmt 0 view .LVU26
  94 0034 8160      		ori r24,lo8(1)
  95 0036 8083      		st Z,r24
  96               	/* epilogue start */
  36:adc.c         **** }
  97               		.loc 1 36 1 view .LVU27
  98 0038 0895      		ret
  99               		.cfi_endproc
 100               	.LFE13:
 101               		.size	adts_enable, .-adts_enable
 102               	.global	__vector_24
 103               		.type	__vector_24, @function
 104               	__vector_24:
 105               	.LFB14:
  37:adc.c         **** 
  38:adc.c         **** ISR(ADC_vect){
 106               		.loc 1 38 14 is_stmt 1 view -0
 107               		.cfi_startproc
 108 003a 8F93      		__gcc_isr 1
 109 003c 9F93      		push r25
 110               		.cfi_def_cfa_offset 3
 111               		.cfi_offset 25, -2
 112               	/* prologue: Signal */
 113               	/* frame size = 0 */
 114               	/* stack size = 1...5 */
 115               	.L__stack_usage = 1 + __gcc_isr.n_pushed
  39:adc.c         ****     adc_read = ADC;
 116               		.loc 1 39 5 view .LVU29
 117               		.loc 1 39 16 is_stmt 0 view .LVU30
 118 003e 8091 7800 		lds r24,120
 119 0042 9091 7900 		lds r25,120+1
 120               		.loc 1 39 14 view .LVU31
 121 0046 9093 0000 		sts adc_read+1,r25
 122 004a 8093 0000 		sts adc_read,r24
  40:adc.c         ****     adc_rdy = true;
 123               		.loc 1 40 5 is_stmt 1 view .LVU32
 124               		.loc 1 40 13 is_stmt 0 view .LVU33
 125 004e 81E0      		ldi r24,lo8(1)
 126 0050 8093 0000 		sts adc_rdy,r24
 127               	/* epilogue start */
  41:adc.c         ****     // a flag for the main loop
  42:adc.c         **** }
 128               		.loc 1 42 1 view .LVU34
 129 0054 9F91      		pop r25
GAS LISTING /tmp/ccJj2IqO.s 			page 4


 130 0056 8F91      		__gcc_isr 2
 131 0058 1895      		reti
 132               		__gcc_isr 0,r24
 133               		.cfi_endproc
 134               	.LFE14:
 135               		.size	__vector_24, .-__vector_24
 136               	.global	__vector_16
 137               		.type	__vector_16, @function
 138               	__vector_16:
 139               	.LFB15:
  43:adc.c         **** 
  44:adc.c         **** ISR(TIMER0_COMPA_vect){
 140               		.loc 1 44 23 is_stmt 1 view -0
 141               		.cfi_startproc
 142 005a 8F93      		__gcc_isr 1
 143               	/* prologue: Signal */
 144               	/* frame size = 0 */
 145               	/* stack size = 0...4 */
 146               	.L__stack_usage = 0 + __gcc_isr.n_pushed
  45:adc.c         ****     sync = true;
 147               		.loc 1 45 5 view .LVU36
 148               		.loc 1 45 10 is_stmt 0 view .LVU37
 149 005c 81E0      		ldi r24,lo8(1)
 150 005e 8093 0000 		sts sync,r24
 151               	/* epilogue start */
  46:adc.c         **** }
 152               		.loc 1 46 1 view .LVU38
 153 0062 8F91      		__gcc_isr 2
 154 0064 1895      		reti
 155               		__gcc_isr 0,r24
 156               		.cfi_endproc
 157               	.LFE15:
 158               		.size	__vector_16, .-__vector_16
 159               	.global	__vector_9
 160               		.type	__vector_9, @function
 161               	__vector_9:
 162               	.LFB16:
  47:adc.c         **** 
  48:adc.c         **** ISR(TIMER2_COMPA_vect){
 163               		.loc 1 48 23 is_stmt 1 view -0
 164               		.cfi_startproc
 165 0066 1F92 1FB6 		__gcc_isr 1
 165      1F92 1124 
 165      8F93 
 166               	/* prologue: Signal */
 167               	/* frame size = 0 */
 168               	/* stack size = 0...4 */
 169               	.L__stack_usage = 0 + __gcc_isr.n_pushed
  49:adc.c         ****     TCCR2B = 0x00;
 170               		.loc 1 49 5 view .LVU40
 171               		.loc 1 49 12 is_stmt 0 view .LVU41
 172 0070 1092 B100 		sts 177,__zero_reg__
  50:adc.c         ****     //  Stop the timer after reset.
  51:adc.c         ****     adc_mux_rdy = true;
 173               		.loc 1 51 5 is_stmt 1 view .LVU42
 174               		.loc 1 51 17 is_stmt 0 view .LVU43
 175 0074 81E0      		ldi r24,lo8(1)
GAS LISTING /tmp/ccJj2IqO.s 			page 5


 176 0076 8093 0000 		sts adc_mux_rdy,r24
 177               	/* epilogue start */
  52:adc.c         **** }
 178               		.loc 1 52 1 view .LVU44
 179 007a 8F91 1F90 		__gcc_isr 2
 179      1FBE 1F90 
 180 0082 1895      		reti
 181               		__gcc_isr 0,r24
 182               		.cfi_endproc
 183               	.LFE16:
 184               		.size	__vector_9, .-__vector_9
 185               	.global	calibrate_timer0
 186               		.type	calibrate_timer0, @function
 187               	calibrate_timer0:
 188               	.LFB17:
  53:adc.c         **** 
  54:adc.c         **** void calibrate_timer0(void)
  55:adc.c         **** {
 189               		.loc 1 55 1 is_stmt 1 view -0
 190               		.cfi_startproc
 191               	/* prologue: function */
 192               	/* frame size = 0 */
 193               	/* stack size = 0 */
 194               	.L__stack_usage = 0
  56:adc.c         ****     int i;
 195               		.loc 1 56 5 view .LVU46
  57:adc.c         ****     calibrating = true;
 196               		.loc 1 57 5 view .LVU47
 197               		.loc 1 57 17 is_stmt 0 view .LVU48
 198 0084 81E0      		ldi r24,lo8(1)
 199 0086 8093 0000 		sts calibrating,r24
  58:adc.c         ****     ADCSRA |= _BV(ADIE);
 200               		.loc 1 58 5 is_stmt 1 view .LVU49
 201 008a 8091 7A00 		lds r24,122
 202               		.loc 1 58 12 is_stmt 0 view .LVU50
 203 008e 8860      		ori r24,lo8(8)
 204 0090 8093 7A00 		sts 122,r24
  59:adc.c         ****     adts_disable();
 205               		.loc 1 59 5 is_stmt 1 view .LVU51
 206               	.LBB4:
 207               	.LBI4:
  29:adc.c         ****     ADCSRB = 0;
 208               		.loc 1 29 6 view .LVU52
 209               	.LBB5:
  30:adc.c         **** }
 210               		.loc 1 30 5 view .LVU53
  30:adc.c         **** }
 211               		.loc 1 30 12 is_stmt 0 view .LVU54
 212 0094 1092 7B00 		sts 123,__zero_reg__
 213               	.LBE5:
 214               	.LBE4:
  60:adc.c         ****     //  Turn off OCR0A triggering if it is enabled.
  61:adc.c         **** 	ADMUX = 0x05;
 215               		.loc 1 61 2 is_stmt 1 view .LVU55
 216               		.loc 1 61 8 is_stmt 0 view .LVU56
 217 0098 85E0      		ldi r24,lo8(5)
 218 009a 8093 7C00 		sts 124,r24
GAS LISTING /tmp/ccJj2IqO.s 			page 6


  62:adc.c         ****     //  Select PA5 as the ADC source.
  63:adc.c         ****     ADCSRA |=_BV(ADATE);
 219               		.loc 1 63 5 is_stmt 1 view .LVU57
 220 009e 8091 7A00 		lds r24,122
 221               		.loc 1 63 12 is_stmt 0 view .LVU58
 222 00a2 8062      		ori r24,lo8(32)
 223 00a4 8093 7A00 		sts 122,r24
  64:adc.c         ****     ADCSRA |= _BV(ADSC);
 224               		.loc 1 64 5 is_stmt 1 view .LVU59
 225 00a8 8091 7A00 		lds r24,122
 226               		.loc 1 64 12 is_stmt 0 view .LVU60
 227 00ac 8064      		ori r24,lo8(64)
 228 00ae 8093 7A00 		sts 122,r24
  65:adc.c         ****     //  start conversions in free running mode
  66:adc.c         ****     for(i = 0; i < 20; i++)
 229               		.loc 1 66 5 is_stmt 1 view .LVU61
 230               	.LVL0:
 231               		.loc 1 66 18 view .LVU62
  64:adc.c         ****     ADCSRA |= _BV(ADSC);
 232               		.loc 1 64 12 is_stmt 0 view .LVU63
 233 00b2 84E1      		ldi r24,lo8(20)
 234 00b4 90E0      		ldi r25,0
 235               	.LVL1:
 236               	.L8:
  67:adc.c         ****     while(adc_read <= 20){}
 237               		.loc 1 67 27 is_stmt 1 discriminator 1 view .LVU64
 238               		.loc 1 67 20 discriminator 1 view .LVU65
 239 00b6 2091 0000 		lds r18,adc_read
 240 00ba 3091 0000 		lds r19,adc_read+1
 241 00be 2531      		cpi r18,21
 242 00c0 3105      		cpc r19,__zero_reg__
 243 00c2 00F0      		brlo .L8
  66:adc.c         ****     while(adc_read <= 20){}
 244               		.loc 1 66 25 discriminator 2 view .LVU66
 245               	.LVL2:
  66:adc.c         ****     while(adc_read <= 20){}
 246               		.loc 1 66 18 discriminator 2 view .LVU67
 247 00c4 0197      		sbiw r24,1
 248               	.LVL3:
  66:adc.c         ****     while(adc_read <= 20){}
 249               		.loc 1 66 18 is_stmt 0 discriminator 2 view .LVU68
 250 00c6 0097      		sbiw r24,0
 251 00c8 01F4      		brne .L8
 252 00ca 84E1      		ldi r24,lo8(20)
 253 00cc 90E0      		ldi r25,0
 254               	.LVL4:
 255               	.L10:
  68:adc.c         ****         //  Waiting for the ADC to rise into the rectified waveform.
  69:adc.c         ****     for(i = 0; i < 20; i++)
  70:adc.c         **** 	while(adc_read > 0){}
 256               		.loc 1 70 22 is_stmt 1 discriminator 1 view .LVU69
 257               		.loc 1 70 17 discriminator 1 view .LVU70
 258 00ce 2091 0000 		lds r18,adc_read
 259 00d2 3091 0000 		lds r19,adc_read+1
 260 00d6 232B      		or r18,r19
 261 00d8 01F4      		brne .L10
  69:adc.c         **** 	while(adc_read > 0){}
GAS LISTING /tmp/ccJj2IqO.s 			page 7


 262               		.loc 1 69 25 discriminator 2 view .LVU71
 263               	.LVL5:
  69:adc.c         **** 	while(adc_read > 0){}
 264               		.loc 1 69 18 discriminator 2 view .LVU72
 265 00da 0197      		sbiw r24,1
 266               	.LVL6:
  69:adc.c         **** 	while(adc_read > 0){}
 267               		.loc 1 69 18 is_stmt 0 discriminator 2 view .LVU73
 268 00dc 0097      		sbiw r24,0
 269 00de 01F4      		brne .L10
  71:adc.c         ****     //  The instant the ADC reaches 0 again, we are in phase, and can reset the timer.
  72:adc.c         ****     OCR0A = OFFSET;
 270               		.loc 1 72 5 is_stmt 1 view .LVU74
 271               		.loc 1 72 11 is_stmt 0 view .LVU75
 272 00e0 8091 0000 		lds r24,OFFSET
 273               	.LVL7:
 274               		.loc 1 72 11 view .LVU76
 275 00e4 87BD      		out 0x27,r24
  73:adc.c         ****     init_timers();
 276               		.loc 1 73 5 is_stmt 1 view .LVU77
 277 00e6 0E94 0000 		call init_timers
 278               	.LVL8:
  74:adc.c         ****     adts_enable();
 279               		.loc 1 74 5 view .LVU78
 280 00ea 0E94 0000 		call adts_enable
 281               	.LVL9:
  75:adc.c         ****     ADMUX = 0x06;
 282               		.loc 1 75 5 view .LVU79
 283               		.loc 1 75 11 is_stmt 0 view .LVU80
 284 00ee 86E0      		ldi r24,lo8(6)
 285 00f0 8093 7C00 		sts 124,r24
  76:adc.c         ****     ADCSRA &= ~_BV(ADIE);
 286               		.loc 1 76 5 is_stmt 1 view .LVU81
 287               		.loc 1 76 12 is_stmt 0 view .LVU82
 288 00f4 8091 7A00 		lds r24,122
 289 00f8 877F      		andi r24,lo8(-9)
 290 00fa 8093 7A00 		sts 122,r24
  77:adc.c         ****     TIMSK0 |= _BV(OCIE0A);
 291               		.loc 1 77 5 is_stmt 1 view .LVU83
 292 00fe 8091 6E00 		lds r24,110
 293               		.loc 1 77 12 is_stmt 0 view .LVU84
 294 0102 8260      		ori r24,lo8(2)
 295 0104 8093 6E00 		sts 110,r24
  78:adc.c         ****     //ADCSRA &= ~_BV(ADIE);
  79:adc.c         ****     //  Reset timer 0 and turn off ADC interrupts
  80:adc.c         **** 	while(sync == false); //here we have reached a peak
 296               		.loc 1 80 2 is_stmt 1 view .LVU85
 297               	.L12:
 298               		.loc 1 80 13 discriminator 1 view .LVU86
 299 0108 8091 0000 		lds r24,sync
 300 010c 8823      		tst r24
 301 010e 01F0      		breq .L12
  81:adc.c         **** 	TCNT0 = 0; //reset timer count
 302               		.loc 1 81 2 view .LVU87
 303               		.loc 1 81 8 is_stmt 0 view .LVU88
 304 0110 16BC      		out 0x26,__zero_reg__
  82:adc.c         **** 	TCCR0B = 0x05;
GAS LISTING /tmp/ccJj2IqO.s 			page 8


 305               		.loc 1 82 2 is_stmt 1 view .LVU89
 306               		.loc 1 82 9 is_stmt 0 view .LVU90
 307 0112 85E0      		ldi r24,lo8(5)
 308 0114 85BD      		out 0x25,r24
  83:adc.c         **** 	OCR0A = TIMER0_TOP;//output compare 1 cycle after the peak
 309               		.loc 1 83 2 is_stmt 1 view .LVU91
 310               		.loc 1 83 8 is_stmt 0 view .LVU92
 311 0116 8091 0000 		lds r24,TIMER0_TOP
 312 011a 87BD      		out 0x27,r24
  84:adc.c         **** 	sync = false;
 313               		.loc 1 84 2 is_stmt 1 view .LVU93
 314               		.loc 1 84 7 is_stmt 0 view .LVU94
 315 011c 1092 0000 		sts sync,__zero_reg__
  85:adc.c         ****     ADCSRA |= _BV(ADIE);
 316               		.loc 1 85 5 is_stmt 1 view .LVU95
 317 0120 8091 7A00 		lds r24,122
 318               		.loc 1 85 12 is_stmt 0 view .LVU96
 319 0124 8860      		ori r24,lo8(8)
 320 0126 8093 7A00 		sts 122,r24
  86:adc.c         **** 	calibrating = false;
 321               		.loc 1 86 2 is_stmt 1 view .LVU97
 322               		.loc 1 86 14 is_stmt 0 view .LVU98
 323 012a 1092 0000 		sts calibrating,__zero_reg__
  87:adc.c         ****     adc_rdy = false;
 324               		.loc 1 87 5 is_stmt 1 view .LVU99
 325               		.loc 1 87 13 is_stmt 0 view .LVU100
 326 012e 1092 0000 		sts adc_rdy,__zero_reg__
 327               	/* epilogue start */
  88:adc.c         **** }
 328               		.loc 1 88 1 view .LVU101
 329 0132 0895      		ret
 330               		.cfi_endproc
 331               	.LFE17:
 332               		.size	calibrate_timer0, .-calibrate_timer0
 333               	.global	init_adc
 334               		.type	init_adc, @function
 335               	init_adc:
 336               	.LFB18:
  89:adc.c         **** 
  90:adc.c         **** void init_adc(void){
 337               		.loc 1 90 20 is_stmt 1 view -0
 338               		.cfi_startproc
 339               	/* prologue: function */
 340               	/* frame size = 0 */
 341               	/* stack size = 0 */
 342               	.L__stack_usage = 0
  91:adc.c         ****     sei();
 343               		.loc 1 91 5 view .LVU103
 344               	/* #APP */
 345               	 ;  91 "adc.c" 1
 346 0134 7894      		sei
 347               	 ;  0 "" 2
  92:adc.c         ****     ADCSRA |= _BV(ADPS2) |_BV(ADPS1)/*|_BV(ADPS0)*/;
 348               		.loc 1 92 5 view .LVU104
 349               	/* #NOAPP */
 350 0136 EAE7      		ldi r30,lo8(122)
 351 0138 F0E0      		ldi r31,0
GAS LISTING /tmp/ccJj2IqO.s 			page 9


 352 013a 8081      		ld r24,Z
 353               		.loc 1 92 12 is_stmt 0 view .LVU105
 354 013c 8660      		ori r24,lo8(6)
 355 013e 8083      		st Z,r24
  93:adc.c         ****     //  ADC ~200kHz
  94:adc.c         ****     ADCSRA |= _BV(ADEN);
 356               		.loc 1 94 5 is_stmt 1 view .LVU106
 357 0140 8081      		ld r24,Z
 358               		.loc 1 94 12 is_stmt 0 view .LVU107
 359 0142 8068      		ori r24,lo8(-128)
 360 0144 8083      		st Z,r24
  95:adc.c         ****     //  Enable ADC
  96:adc.c         ****     calibrate_timer0();
 361               		.loc 1 96 5 is_stmt 1 view .LVU108
 362 0146 0C94 0000 		jmp calibrate_timer0
 363               	.LVL10:
 364               		.cfi_endproc
 365               	.LFE18:
 366               		.size	init_adc, .-init_adc
 367               	.global	OFFSET
 368               		.section .bss
 369               		.type	OFFSET, @object
 370               		.size	OFFSET, 1
 371               	OFFSET:
 372 0000 00        		.zero	1
 373               	.global	TIMER0_TOP
 374               		.type	TIMER0_TOP, @object
 375               		.size	TIMER0_TOP, 1
 376               	TIMER0_TOP:
 377 0001 00        		.zero	1
 378               	.global	adc_mux_rdy
 379               		.type	adc_mux_rdy, @object
 380               		.size	adc_mux_rdy, 1
 381               	adc_mux_rdy:
 382 0002 00        		.zero	1
 383               	.global	sync
 384               		.type	sync, @object
 385               		.size	sync, 1
 386               	sync:
 387 0003 00        		.zero	1
 388               	.global	adc_rdy
 389               		.type	adc_rdy, @object
 390               		.size	adc_rdy, 1
 391               	adc_rdy:
 392 0004 00        		.zero	1
 393               	.global	calibrating
 394               		.type	calibrating, @object
 395               		.size	calibrating, 1
 396               	calibrating:
 397 0005 00        		.zero	1
 398               	.global	adc_read
 399               		.type	adc_read, @object
 400               		.size	adc_read, 2
 401               	adc_read:
 402 0006 0000      		.zero	2
 403               		.text
 404               	.Letext0:
GAS LISTING /tmp/ccJj2IqO.s 			page 10


 405               		.file 2 "/usr/avr/include/stdint.h"
 406               		.section	.debug_info,"",@progbits
 407               	.Ldebug_info0:
 408 0000 D701 0000 		.long	0x1d7
 409 0004 0500      		.word	0x5
 410 0006 01        		.byte	0x1
 411 0007 04        		.byte	0x4
 412 0008 0000 0000 		.long	.Ldebug_abbrev0
 413 000c 08        		.uleb128 0x8
 414 000d 0000 0000 		.long	.LASF27
 415 0011 1D        		.byte	0x1d
 416 0012 0000 0000 		.long	.LASF0
 417 0016 0000 0000 		.long	.LASF1
 418 001a 0000 0000 		.long	.Ltext0
 419 001e 4A01 0000 		.long	.Letext0-.Ltext0
 420 0022 0000 0000 		.long	.Ldebug_line0
 421 0026 01        		.uleb128 0x1
 422 0027 01        		.byte	0x1
 423 0028 06        		.byte	0x6
 424 0029 0000 0000 		.long	.LASF2
 425 002d 04        		.uleb128 0x4
 426 002e 0000 0000 		.long	.LASF4
 427 0032 7E        		.byte	0x7e
 428 0033 3700 0000 		.long	0x37
 429 0037 01        		.uleb128 0x1
 430 0038 01        		.byte	0x1
 431 0039 08        		.byte	0x8
 432 003a 0000 0000 		.long	.LASF3
 433 003e 09        		.uleb128 0x9
 434 003f 02        		.byte	0x2
 435 0040 05        		.byte	0x5
 436 0041 696E 7400 		.string	"int"
 437 0045 04        		.uleb128 0x4
 438 0046 0000 0000 		.long	.LASF5
 439 004a 80        		.byte	0x80
 440 004b 5400 0000 		.long	0x54
 441 004f 05        		.uleb128 0x5
 442 0050 4500 0000 		.long	0x45
 443 0054 01        		.uleb128 0x1
 444 0055 02        		.byte	0x2
 445 0056 07        		.byte	0x7
 446 0057 0000 0000 		.long	.LASF6
 447 005b 01        		.uleb128 0x1
 448 005c 04        		.byte	0x4
 449 005d 05        		.byte	0x5
 450 005e 0000 0000 		.long	.LASF7
 451 0062 01        		.uleb128 0x1
 452 0063 04        		.byte	0x4
 453 0064 07        		.byte	0x7
 454 0065 0000 0000 		.long	.LASF8
 455 0069 01        		.uleb128 0x1
 456 006a 08        		.byte	0x8
 457 006b 05        		.byte	0x5
 458 006c 0000 0000 		.long	.LASF9
 459 0070 01        		.uleb128 0x1
 460 0071 08        		.byte	0x8
 461 0072 07        		.byte	0x7
GAS LISTING /tmp/ccJj2IqO.s 			page 11


 462 0073 0000 0000 		.long	.LASF10
 463 0077 01        		.uleb128 0x1
 464 0078 01        		.byte	0x1
 465 0079 08        		.byte	0x8
 466 007a 0000 0000 		.long	.LASF11
 467 007e 02        		.uleb128 0x2
 468 007f 0000 0000 		.long	.LASF12
 469 0083 08        		.byte	0x8
 470 0084 13        		.byte	0x13
 471 0085 4F00 0000 		.long	0x4f
 472 0089 05        		.uleb128 0x5
 473 008a 03        		.byte	0x3
 474 008b 0000 0000 		.long	adc_read
 475 008f 02        		.uleb128 0x2
 476 0090 0000 0000 		.long	.LASF13
 477 0094 09        		.byte	0x9
 478 0095 0F        		.byte	0xf
 479 0096 A700 0000 		.long	0xa7
 480 009a 05        		.uleb128 0x5
 481 009b 03        		.byte	0x3
 482 009c 0000 0000 		.long	calibrating
 483 00a0 01        		.uleb128 0x1
 484 00a1 01        		.byte	0x1
 485 00a2 02        		.byte	0x2
 486 00a3 0000 0000 		.long	.LASF14
 487 00a7 05        		.uleb128 0x5
 488 00a8 A000 0000 		.long	0xa0
 489 00ac 02        		.uleb128 0x2
 490 00ad 0000 0000 		.long	.LASF15
 491 00b1 09        		.byte	0x9
 492 00b2 1C        		.byte	0x1c
 493 00b3 A700 0000 		.long	0xa7
 494 00b7 05        		.uleb128 0x5
 495 00b8 03        		.byte	0x3
 496 00b9 0000 0000 		.long	adc_rdy
 497 00bd 02        		.uleb128 0x2
 498 00be 0000 0000 		.long	.LASF16
 499 00c2 09        		.byte	0x9
 500 00c3 25        		.byte	0x25
 501 00c4 A700 0000 		.long	0xa7
 502 00c8 05        		.uleb128 0x5
 503 00c9 03        		.byte	0x3
 504 00ca 0000 0000 		.long	sync
 505 00ce 02        		.uleb128 0x2
 506 00cf 0000 0000 		.long	.LASF17
 507 00d3 09        		.byte	0x9
 508 00d4 2B        		.byte	0x2b
 509 00d5 A700 0000 		.long	0xa7
 510 00d9 05        		.uleb128 0x5
 511 00da 03        		.byte	0x3
 512 00db 0000 0000 		.long	adc_mux_rdy
 513 00df 02        		.uleb128 0x2
 514 00e0 0000 0000 		.long	.LASF18
 515 00e4 0A        		.byte	0xa
 516 00e5 09        		.byte	0x9
 517 00e6 2D00 0000 		.long	0x2d
 518 00ea 05        		.uleb128 0x5
GAS LISTING /tmp/ccJj2IqO.s 			page 12


 519 00eb 03        		.byte	0x3
 520 00ec 0000 0000 		.long	TIMER0_TOP
 521 00f0 02        		.uleb128 0x2
 522 00f1 0000 0000 		.long	.LASF19
 523 00f5 0B        		.byte	0xb
 524 00f6 09        		.byte	0x9
 525 00f7 2D00 0000 		.long	0x2d
 526 00fb 05        		.uleb128 0x5
 527 00fc 03        		.byte	0x3
 528 00fd 0000 0000 		.long	OFFSET
 529 0101 06        		.uleb128 0x6
 530 0102 0000 0000 		.long	.LASF20
 531 0106 5A        		.byte	0x5a
 532 0107 0000 0000 		.long	.LFB18
 533 010b 1600 0000 		.long	.LFE18-.LFB18
 534 010f 01        		.uleb128 0x1
 535 0110 9C        		.byte	0x9c
 536 0111 1F01 0000 		.long	0x11f
 537 0115 0A        		.uleb128 0xa
 538 0116 0000 0000 		.long	.LVL10
 539 011a 1F01 0000 		.long	0x11f
 540 011e 00        		.byte	0
 541 011f 06        		.uleb128 0x6
 542 0120 0000 0000 		.long	.LASF21
 543 0124 36        		.byte	0x36
 544 0125 0000 0000 		.long	.LFB17
 545 0129 B000 0000 		.long	.LFE17-.LFB17
 546 012d 01        		.uleb128 0x1
 547 012e 9C        		.byte	0x9c
 548 012f 6D01 0000 		.long	0x16d
 549 0133 0B        		.uleb128 0xb
 550 0134 6900      		.string	"i"
 551 0136 01        		.byte	0x1
 552 0137 38        		.byte	0x38
 553 0138 09        		.byte	0x9
 554 0139 3E00 0000 		.long	0x3e
 555 013d 0000 0000 		.long	.LLST0
 556 0141 0000 0000 		.long	.LVUS0
 557 0145 0C        		.uleb128 0xc
 558 0146 B101 0000 		.long	0x1b1
 559 014a 0000 0000 		.long	.LBI4
 560 014e 01        		.byte	.LVU52
 561 014f 0000 0000 		.long	.LBB4
 562 0153 0400 0000 		.long	.LBE4-.LBB4
 563 0157 01        		.byte	0x1
 564 0158 3B        		.byte	0x3b
 565 0159 05        		.byte	0x5
 566 015a 07        		.uleb128 0x7
 567 015b 0000 0000 		.long	.LVL8
 568 015f BA01 0000 		.long	0x1ba
 569 0163 07        		.uleb128 0x7
 570 0164 0000 0000 		.long	.LVL9
 571 0168 A001 0000 		.long	0x1a0
 572 016c 00        		.byte	0
 573 016d 03        		.uleb128 0x3
 574 016e 0000 0000 		.long	.LASF22
 575 0172 30        		.byte	0x30
GAS LISTING /tmp/ccJj2IqO.s 			page 13


 576 0173 01        		.byte	0x1
 577 0174 0000 0000 		.long	.LFB16
 578 0178 1E00 0000 		.long	.LFE16-.LFB16
 579 017c 01        		.uleb128 0x1
 580 017d 9C        		.byte	0x9c
 581 017e 03        		.uleb128 0x3
 582 017f 0000 0000 		.long	.LASF23
 583 0183 2C        		.byte	0x2c
 584 0184 01        		.byte	0x1
 585 0185 0000 0000 		.long	.LFB15
 586 0189 0C00 0000 		.long	.LFE15-.LFB15
 587 018d 01        		.uleb128 0x1
 588 018e 9C        		.byte	0x9c
 589 018f 03        		.uleb128 0x3
 590 0190 0000 0000 		.long	.LASF24
 591 0194 26        		.byte	0x26
 592 0195 01        		.byte	0x1
 593 0196 0000 0000 		.long	.LFB14
 594 019a 2000 0000 		.long	.LFE14-.LFB14
 595 019e 01        		.uleb128 0x1
 596 019f 9C        		.byte	0x9c
 597 01a0 03        		.uleb128 0x3
 598 01a1 0000 0000 		.long	.LASF25
 599 01a5 21        		.byte	0x21
 600 01a6 06        		.byte	0x6
 601 01a7 0000 0000 		.long	.LFB13
 602 01ab 1200 0000 		.long	.LFE13-.LFB13
 603 01af 01        		.uleb128 0x1
 604 01b0 9C        		.byte	0x9c
 605 01b1 0D        		.uleb128 0xd
 606 01b2 0000 0000 		.long	.LASF28
 607 01b6 01        		.byte	0x1
 608 01b7 1D        		.byte	0x1d
 609 01b8 06        		.byte	0x6
 610 01b9 01        		.byte	0x1
 611 01ba 03        		.uleb128 0x3
 612 01bb 0000 0000 		.long	.LASF26
 613 01bf 0E        		.byte	0xe
 614 01c0 06        		.byte	0x6
 615 01c1 0000 0000 		.long	.LFB11
 616 01c5 2200 0000 		.long	.LFE11-.LFB11
 617 01c9 01        		.uleb128 0x1
 618 01ca 9C        		.byte	0x9c
 619 01cb 0E        		.uleb128 0xe
 620 01cc B101 0000 		.long	0x1b1
 621 01d0 0000 0000 		.long	.LFB12
 622 01d4 0600 0000 		.long	.LFE12-.LFB12
 623 01d8 01        		.uleb128 0x1
 624 01d9 9C        		.byte	0x9c
 625 01da 00        		.byte	0
 626               		.section	.debug_abbrev,"",@progbits
 627               	.Ldebug_abbrev0:
 628 0000 01        		.uleb128 0x1
 629 0001 24        		.uleb128 0x24
 630 0002 00        		.byte	0
 631 0003 0B        		.uleb128 0xb
 632 0004 0B        		.uleb128 0xb
GAS LISTING /tmp/ccJj2IqO.s 			page 14


 633 0005 3E        		.uleb128 0x3e
 634 0006 0B        		.uleb128 0xb
 635 0007 03        		.uleb128 0x3
 636 0008 0E        		.uleb128 0xe
 637 0009 00        		.byte	0
 638 000a 00        		.byte	0
 639 000b 02        		.uleb128 0x2
 640 000c 34        		.uleb128 0x34
 641 000d 00        		.byte	0
 642 000e 03        		.uleb128 0x3
 643 000f 0E        		.uleb128 0xe
 644 0010 3A        		.uleb128 0x3a
 645 0011 21        		.uleb128 0x21
 646 0012 01        		.sleb128 1
 647 0013 3B        		.uleb128 0x3b
 648 0014 0B        		.uleb128 0xb
 649 0015 39        		.uleb128 0x39
 650 0016 0B        		.uleb128 0xb
 651 0017 49        		.uleb128 0x49
 652 0018 13        		.uleb128 0x13
 653 0019 3F        		.uleb128 0x3f
 654 001a 19        		.uleb128 0x19
 655 001b 02        		.uleb128 0x2
 656 001c 18        		.uleb128 0x18
 657 001d 00        		.byte	0
 658 001e 00        		.byte	0
 659 001f 03        		.uleb128 0x3
 660 0020 2E        		.uleb128 0x2e
 661 0021 00        		.byte	0
 662 0022 3F        		.uleb128 0x3f
 663 0023 19        		.uleb128 0x19
 664 0024 03        		.uleb128 0x3
 665 0025 0E        		.uleb128 0xe
 666 0026 3A        		.uleb128 0x3a
 667 0027 21        		.uleb128 0x21
 668 0028 01        		.sleb128 1
 669 0029 3B        		.uleb128 0x3b
 670 002a 0B        		.uleb128 0xb
 671 002b 39        		.uleb128 0x39
 672 002c 0B        		.uleb128 0xb
 673 002d 27        		.uleb128 0x27
 674 002e 19        		.uleb128 0x19
 675 002f 11        		.uleb128 0x11
 676 0030 01        		.uleb128 0x1
 677 0031 12        		.uleb128 0x12
 678 0032 06        		.uleb128 0x6
 679 0033 40        		.uleb128 0x40
 680 0034 18        		.uleb128 0x18
 681 0035 7A        		.uleb128 0x7a
 682 0036 19        		.uleb128 0x19
 683 0037 00        		.byte	0
 684 0038 00        		.byte	0
 685 0039 04        		.uleb128 0x4
 686 003a 16        		.uleb128 0x16
 687 003b 00        		.byte	0
 688 003c 03        		.uleb128 0x3
 689 003d 0E        		.uleb128 0xe
GAS LISTING /tmp/ccJj2IqO.s 			page 15


 690 003e 3A        		.uleb128 0x3a
 691 003f 21        		.uleb128 0x21
 692 0040 02        		.sleb128 2
 693 0041 3B        		.uleb128 0x3b
 694 0042 0B        		.uleb128 0xb
 695 0043 39        		.uleb128 0x39
 696 0044 21        		.uleb128 0x21
 697 0045 16        		.sleb128 22
 698 0046 49        		.uleb128 0x49
 699 0047 13        		.uleb128 0x13
 700 0048 00        		.byte	0
 701 0049 00        		.byte	0
 702 004a 05        		.uleb128 0x5
 703 004b 35        		.uleb128 0x35
 704 004c 00        		.byte	0
 705 004d 49        		.uleb128 0x49
 706 004e 13        		.uleb128 0x13
 707 004f 00        		.byte	0
 708 0050 00        		.byte	0
 709 0051 06        		.uleb128 0x6
 710 0052 2E        		.uleb128 0x2e
 711 0053 01        		.byte	0x1
 712 0054 3F        		.uleb128 0x3f
 713 0055 19        		.uleb128 0x19
 714 0056 03        		.uleb128 0x3
 715 0057 0E        		.uleb128 0xe
 716 0058 3A        		.uleb128 0x3a
 717 0059 21        		.uleb128 0x21
 718 005a 01        		.sleb128 1
 719 005b 3B        		.uleb128 0x3b
 720 005c 0B        		.uleb128 0xb
 721 005d 39        		.uleb128 0x39
 722 005e 21        		.uleb128 0x21
 723 005f 06        		.sleb128 6
 724 0060 27        		.uleb128 0x27
 725 0061 19        		.uleb128 0x19
 726 0062 11        		.uleb128 0x11
 727 0063 01        		.uleb128 0x1
 728 0064 12        		.uleb128 0x12
 729 0065 06        		.uleb128 0x6
 730 0066 40        		.uleb128 0x40
 731 0067 18        		.uleb128 0x18
 732 0068 7A        		.uleb128 0x7a
 733 0069 19        		.uleb128 0x19
 734 006a 01        		.uleb128 0x1
 735 006b 13        		.uleb128 0x13
 736 006c 00        		.byte	0
 737 006d 00        		.byte	0
 738 006e 07        		.uleb128 0x7
 739 006f 48        		.uleb128 0x48
 740 0070 00        		.byte	0
 741 0071 7D        		.uleb128 0x7d
 742 0072 01        		.uleb128 0x1
 743 0073 7F        		.uleb128 0x7f
 744 0074 13        		.uleb128 0x13
 745 0075 00        		.byte	0
 746 0076 00        		.byte	0
GAS LISTING /tmp/ccJj2IqO.s 			page 16


 747 0077 08        		.uleb128 0x8
 748 0078 11        		.uleb128 0x11
 749 0079 01        		.byte	0x1
 750 007a 25        		.uleb128 0x25
 751 007b 0E        		.uleb128 0xe
 752 007c 13        		.uleb128 0x13
 753 007d 0B        		.uleb128 0xb
 754 007e 03        		.uleb128 0x3
 755 007f 1F        		.uleb128 0x1f
 756 0080 1B        		.uleb128 0x1b
 757 0081 1F        		.uleb128 0x1f
 758 0082 11        		.uleb128 0x11
 759 0083 01        		.uleb128 0x1
 760 0084 12        		.uleb128 0x12
 761 0085 06        		.uleb128 0x6
 762 0086 10        		.uleb128 0x10
 763 0087 17        		.uleb128 0x17
 764 0088 00        		.byte	0
 765 0089 00        		.byte	0
 766 008a 09        		.uleb128 0x9
 767 008b 24        		.uleb128 0x24
 768 008c 00        		.byte	0
 769 008d 0B        		.uleb128 0xb
 770 008e 0B        		.uleb128 0xb
 771 008f 3E        		.uleb128 0x3e
 772 0090 0B        		.uleb128 0xb
 773 0091 03        		.uleb128 0x3
 774 0092 08        		.uleb128 0x8
 775 0093 00        		.byte	0
 776 0094 00        		.byte	0
 777 0095 0A        		.uleb128 0xa
 778 0096 48        		.uleb128 0x48
 779 0097 00        		.byte	0
 780 0098 7D        		.uleb128 0x7d
 781 0099 01        		.uleb128 0x1
 782 009a 8201      		.uleb128 0x82
 783 009c 19        		.uleb128 0x19
 784 009d 7F        		.uleb128 0x7f
 785 009e 13        		.uleb128 0x13
 786 009f 00        		.byte	0
 787 00a0 00        		.byte	0
 788 00a1 0B        		.uleb128 0xb
 789 00a2 34        		.uleb128 0x34
 790 00a3 00        		.byte	0
 791 00a4 03        		.uleb128 0x3
 792 00a5 08        		.uleb128 0x8
 793 00a6 3A        		.uleb128 0x3a
 794 00a7 0B        		.uleb128 0xb
 795 00a8 3B        		.uleb128 0x3b
 796 00a9 0B        		.uleb128 0xb
 797 00aa 39        		.uleb128 0x39
 798 00ab 0B        		.uleb128 0xb
 799 00ac 49        		.uleb128 0x49
 800 00ad 13        		.uleb128 0x13
 801 00ae 02        		.uleb128 0x2
 802 00af 17        		.uleb128 0x17
 803 00b0 B742      		.uleb128 0x2137
GAS LISTING /tmp/ccJj2IqO.s 			page 17


 804 00b2 17        		.uleb128 0x17
 805 00b3 00        		.byte	0
 806 00b4 00        		.byte	0
 807 00b5 0C        		.uleb128 0xc
 808 00b6 1D        		.uleb128 0x1d
 809 00b7 00        		.byte	0
 810 00b8 31        		.uleb128 0x31
 811 00b9 13        		.uleb128 0x13
 812 00ba 52        		.uleb128 0x52
 813 00bb 01        		.uleb128 0x1
 814 00bc B842      		.uleb128 0x2138
 815 00be 0B        		.uleb128 0xb
 816 00bf 11        		.uleb128 0x11
 817 00c0 01        		.uleb128 0x1
 818 00c1 12        		.uleb128 0x12
 819 00c2 06        		.uleb128 0x6
 820 00c3 58        		.uleb128 0x58
 821 00c4 0B        		.uleb128 0xb
 822 00c5 59        		.uleb128 0x59
 823 00c6 0B        		.uleb128 0xb
 824 00c7 57        		.uleb128 0x57
 825 00c8 0B        		.uleb128 0xb
 826 00c9 00        		.byte	0
 827 00ca 00        		.byte	0
 828 00cb 0D        		.uleb128 0xd
 829 00cc 2E        		.uleb128 0x2e
 830 00cd 00        		.byte	0
 831 00ce 3F        		.uleb128 0x3f
 832 00cf 19        		.uleb128 0x19
 833 00d0 03        		.uleb128 0x3
 834 00d1 0E        		.uleb128 0xe
 835 00d2 3A        		.uleb128 0x3a
 836 00d3 0B        		.uleb128 0xb
 837 00d4 3B        		.uleb128 0x3b
 838 00d5 0B        		.uleb128 0xb
 839 00d6 39        		.uleb128 0x39
 840 00d7 0B        		.uleb128 0xb
 841 00d8 27        		.uleb128 0x27
 842 00d9 19        		.uleb128 0x19
 843 00da 20        		.uleb128 0x20
 844 00db 0B        		.uleb128 0xb
 845 00dc 00        		.byte	0
 846 00dd 00        		.byte	0
 847 00de 0E        		.uleb128 0xe
 848 00df 2E        		.uleb128 0x2e
 849 00e0 00        		.byte	0
 850 00e1 31        		.uleb128 0x31
 851 00e2 13        		.uleb128 0x13
 852 00e3 11        		.uleb128 0x11
 853 00e4 01        		.uleb128 0x1
 854 00e5 12        		.uleb128 0x12
 855 00e6 06        		.uleb128 0x6
 856 00e7 40        		.uleb128 0x40
 857 00e8 18        		.uleb128 0x18
 858 00e9 7A        		.uleb128 0x7a
 859 00ea 19        		.uleb128 0x19
 860 00eb 00        		.byte	0
GAS LISTING /tmp/ccJj2IqO.s 			page 18


 861 00ec 00        		.byte	0
 862 00ed 00        		.byte	0
 863               		.section	.debug_loclists,"",@progbits
 864 0000 4700 0000 		.long	.Ldebug_loc3-.Ldebug_loc2
 865               	.Ldebug_loc2:
 866 0004 0500      		.word	0x5
 867 0006 04        		.byte	0x4
 868 0007 00        		.byte	0
 869 0008 0000 0000 		.long	0
 870               	.Ldebug_loc0:
 871               	.LVUS0:
 872 000c 01        		.uleb128 .LVU62
 873 000d 00        		.uleb128 .LVU64
 874 000e 01        		.uleb128 .LVU67
 875 000f 00        		.uleb128 .LVU68
 876 0010 00        		.uleb128 .LVU68
 877 0011 00        		.uleb128 .LVU69
 878 0012 01        		.uleb128 .LVU72
 879 0013 00        		.uleb128 .LVU73
 880 0014 00        		.uleb128 .LVU73
 881 0015 00        		.uleb128 .LVU76
 882               	.LLST0:
 883 0016 04        		.byte	0x4
 884 0017 B201      		.uleb128 .LVL0-.Ltext0
 885 0019 B601      		.uleb128 .LVL1-.Ltext0
 886 001b 02        		.uleb128 0x2
 887 001c 30        		.byte	0x30
 888 001d 9F        		.byte	0x9f
 889 001e 04        		.byte	0x4
 890 001f C401      		.uleb128 .LVL2-.Ltext0
 891 0021 C601      		.uleb128 .LVL3-.Ltext0
 892 0023 05        		.uleb128 0x5
 893 0024 45        		.byte	0x45
 894 0025 88        		.byte	0x88
 895 0026 00        		.sleb128 0
 896 0027 1C        		.byte	0x1c
 897 0028 9F        		.byte	0x9f
 898 0029 04        		.byte	0x4
 899 002a C601      		.uleb128 .LVL3-.Ltext0
 900 002c CE01      		.uleb128 .LVL4-.Ltext0
 901 002e 05        		.uleb128 0x5
 902 002f 44        		.byte	0x44
 903 0030 88        		.byte	0x88
 904 0031 00        		.sleb128 0
 905 0032 1C        		.byte	0x1c
 906 0033 9F        		.byte	0x9f
 907 0034 04        		.byte	0x4
 908 0035 DA01      		.uleb128 .LVL5-.Ltext0
 909 0037 DC01      		.uleb128 .LVL6-.Ltext0
 910 0039 05        		.uleb128 0x5
 911 003a 45        		.byte	0x45
 912 003b 88        		.byte	0x88
 913 003c 00        		.sleb128 0
 914 003d 1C        		.byte	0x1c
 915 003e 9F        		.byte	0x9f
 916 003f 04        		.byte	0x4
 917 0040 DC01      		.uleb128 .LVL6-.Ltext0
GAS LISTING /tmp/ccJj2IqO.s 			page 19


 918 0042 E401      		.uleb128 .LVL7-.Ltext0
 919 0044 05        		.uleb128 0x5
 920 0045 44        		.byte	0x44
 921 0046 88        		.byte	0x88
 922 0047 00        		.sleb128 0
 923 0048 1C        		.byte	0x1c
 924 0049 9F        		.byte	0x9f
 925 004a 00        		.byte	0
 926               	.Ldebug_loc3:
 927               		.section	.debug_aranges,"",@progbits
 928 0000 1C00 0000 		.long	0x1c
 929 0004 0200      		.word	0x2
 930 0006 0000 0000 		.long	.Ldebug_info0
 931 000a 04        		.byte	0x4
 932 000b 00        		.byte	0
 933 000c 0000      		.word	0
 934 000e 0000      		.word	0
 935 0010 0000 0000 		.long	.Ltext0
 936 0014 4A01 0000 		.long	.Letext0-.Ltext0
 937 0018 0000 0000 		.long	0
 938 001c 0000 0000 		.long	0
 939               		.section	.debug_line,"",@progbits
 940               	.Ldebug_line0:
 941 0000 2304 0000 		.section	.debug_str,"MS",@progbits,1
 941      0500 0400 
 941      3300 0000 
 941      0201 01FB 
 941      0E0D 0001 
 942               	.LASF17:
 943 0000 6164 635F 		.string	"adc_mux_rdy"
 943      6D75 785F 
 943      7264 7900 
 944               	.LASF27:
 945 000c 474E 5520 		.string	"GNU C17 12.2.0 -mn-flash=1 -mno-skip-bug -mdouble=32 -mlong-double=64 -mmcu=avr5 -g -Os -
 945      4331 3720 
 945      3132 2E32 
 945      2E30 202D 
 945      6D6E 2D66 
 946               	.LASF25:
 947 0097 6164 7473 		.string	"adts_enable"
 947      5F65 6E61 
 947      626C 6500 
 948               	.LASF20:
 949 00a3 696E 6974 		.string	"init_adc"
 949      5F61 6463 
 949      00
 950               	.LASF28:
 951 00ac 6164 7473 		.string	"adts_disable"
 951      5F64 6973 
 951      6162 6C65 
 951      00
 952               	.LASF23:
 953 00b9 5F5F 7665 		.string	"__vector_16"
 953      6374 6F72 
 953      5F31 3600 
 954               	.LASF3:
 955 00c5 756E 7369 		.string	"unsigned char"
GAS LISTING /tmp/ccJj2IqO.s 			page 20


 955      676E 6564 
 955      2063 6861 
 955      7200 
 956               	.LASF18:
 957 00d3 5449 4D45 		.string	"TIMER0_TOP"
 957      5230 5F54 
 957      4F50 00
 958               	.LASF8:
 959 00de 6C6F 6E67 		.string	"long unsigned int"
 959      2075 6E73 
 959      6967 6E65 
 959      6420 696E 
 959      7400 
 960               	.LASF13:
 961 00f0 6361 6C69 		.string	"calibrating"
 961      6272 6174 
 961      696E 6700 
 962               	.LASF21:
 963 00fc 6361 6C69 		.string	"calibrate_timer0"
 963      6272 6174 
 963      655F 7469 
 963      6D65 7230 
 963      00
 964               	.LASF16:
 965 010d 7379 6E63 		.string	"sync"
 965      00
 966               	.LASF6:
 967 0112 756E 7369 		.string	"unsigned int"
 967      676E 6564 
 967      2069 6E74 
 967      00
 968               	.LASF10:
 969 011f 6C6F 6E67 		.string	"long long unsigned int"
 969      206C 6F6E 
 969      6720 756E 
 969      7369 676E 
 969      6564 2069 
 970               	.LASF4:
 971 0136 7569 6E74 		.string	"uint8_t"
 971      385F 7400 
 972               	.LASF12:
 973 013e 6164 635F 		.string	"adc_read"
 973      7265 6164 
 973      00
 974               	.LASF9:
 975 0147 6C6F 6E67 		.string	"long long int"
 975      206C 6F6E 
 975      6720 696E 
 975      7400 
 976               	.LASF11:
 977 0155 6368 6172 		.string	"char"
 977      00
 978               	.LASF24:
 979 015a 5F5F 7665 		.string	"__vector_24"
 979      6374 6F72 
 979      5F32 3400 
 980               	.LASF26:
GAS LISTING /tmp/ccJj2IqO.s 			page 21


 981 0166 696E 6974 		.string	"init_timers"
 981      5F74 696D 
 981      6572 7300 
 982               	.LASF5:
 983 0172 7569 6E74 		.string	"uint16_t"
 983      3136 5F74 
 983      00
 984               	.LASF19:
 985 017b 4F46 4653 		.string	"OFFSET"
 985      4554 00
 986               	.LASF7:
 987 0182 6C6F 6E67 		.string	"long int"
 987      2069 6E74 
 987      00
 988               	.LASF22:
 989 018b 5F5F 7665 		.string	"__vector_9"
 989      6374 6F72 
 989      5F39 00
 990               	.LASF2:
 991 0196 7369 676E 		.string	"signed char"
 991      6564 2063 
 991      6861 7200 
 992               	.LASF15:
 993 01a2 6164 635F 		.string	"adc_rdy"
 993      7264 7900 
 994               	.LASF14:
 995 01aa 5F42 6F6F 		.string	"_Bool"
 995      6C00 
 996               		.section	.debug_line_str,"MS",@progbits,1
 997               	.LASF0:
 998 0000 6164 632E 		.string	"adc.c"
 998      6300 
 999               	.LASF1:
 1000 0006 2F68 6F6D 		.string	"/home/kaicho/Documents/Southampton/D5/update/sotond5/libadc"
 1000      652F 6B61 
 1000      6963 686F 
 1000      2F44 6F63 
 1000      756D 656E 
 1001               		.ident	"GCC: (GNU) 12.2.0"
 1002 0042 2F68 6F6D 	.global __do_clear_bss
 1002      652F 6B61 
 1002      6963 686F 
 1002      2F44 6F63 
 1002      756D 656E 
GAS LISTING /tmp/ccJj2IqO.s 			page 22


DEFINED SYMBOLS
                            *ABS*:0000000000000000 adc.c
     /tmp/ccJj2IqO.s:2      *ABS*:000000000000003e __SP_H__
     /tmp/ccJj2IqO.s:3      *ABS*:000000000000003d __SP_L__
     /tmp/ccJj2IqO.s:4      *ABS*:000000000000003f __SREG__
     /tmp/ccJj2IqO.s:5      *ABS*:0000000000000000 __tmp_reg__
     /tmp/ccJj2IqO.s:6      *ABS*:0000000000000001 __zero_reg__
     /tmp/ccJj2IqO.s:13     .text:0000000000000000 init_timers
     /tmp/ccJj2IqO.s:16     .text:0000000000000000 .Loc.0
     /tmp/ccJj2IqO.s:17     .text:0000000000000000 L0
     /tmp/ccJj2IqO.s:22     .text:0000000000000000 .Loc.1
     /tmp/ccJj2IqO.s:23     .text:0000000000000000 .Loc.2
     /tmp/ccJj2IqO.s:26     .text:0000000000000004 .Loc.3
     /tmp/ccJj2IqO.s:27     .text:0000000000000004 .Loc.4
     /tmp/ccJj2IqO.s:30     .text:0000000000000008 .Loc.5
     /tmp/ccJj2IqO.s:31     .text:0000000000000008 .Loc.6
     /tmp/ccJj2IqO.s:33     .text:000000000000000a .Loc.7
     /tmp/ccJj2IqO.s:34     .text:000000000000000a .Loc.8
     /tmp/ccJj2IqO.s:36     .text:000000000000000e .Loc.9
     /tmp/ccJj2IqO.s:37     .text:000000000000000e .Loc.10
     /tmp/ccJj2IqO.s:39     .text:0000000000000012 .Loc.11
     /tmp/ccJj2IqO.s:40     .text:0000000000000012 .Loc.12
     /tmp/ccJj2IqO.s:42     .text:0000000000000016 .Loc.13
     /tmp/ccJj2IqO.s:43     .text:0000000000000016 .Loc.14
     /tmp/ccJj2IqO.s:46     .text:000000000000001c .Loc.15
     /tmp/ccJj2IqO.s:47     .text:000000000000001c .Loc.16
     /tmp/ccJj2IqO.s:50     .text:0000000000000020 .Loc.17
     /tmp/ccJj2IqO.s:52     .text:0000000000000022 L0
     /tmp/ccJj2IqO.s:57     .text:0000000000000022 adts_disable
     /tmp/ccJj2IqO.s:59     .text:0000000000000022 .Loc.18
     /tmp/ccJj2IqO.s:60     .text:0000000000000022 L0
     /tmp/ccJj2IqO.s:65     .text:0000000000000022 .Loc.19
     /tmp/ccJj2IqO.s:66     .text:0000000000000022 .Loc.20
     /tmp/ccJj2IqO.s:69     .text:0000000000000026 .Loc.21
     /tmp/ccJj2IqO.s:71     .text:0000000000000028 L0
     /tmp/ccJj2IqO.s:76     .text:0000000000000028 adts_enable
     /tmp/ccJj2IqO.s:78     .text:0000000000000028 .Loc.22
     /tmp/ccJj2IqO.s:79     .text:0000000000000028 L0
     /tmp/ccJj2IqO.s:84     .text:0000000000000028 .Loc.23
     /tmp/ccJj2IqO.s:88     .text:000000000000002e .Loc.24
     /tmp/ccJj2IqO.s:91     .text:0000000000000032 .Loc.25
     /tmp/ccJj2IqO.s:93     .text:0000000000000034 .Loc.26
     /tmp/ccJj2IqO.s:97     .text:0000000000000038 .Loc.27
     /tmp/ccJj2IqO.s:99     .text:000000000000003a L0
     /tmp/ccJj2IqO.s:104    .text:000000000000003a __vector_24
     /tmp/ccJj2IqO.s:106    .text:000000000000003a .Loc.28
     /tmp/ccJj2IqO.s:107    .text:000000000000003a L0
                            *ABS*:0000000000000001 __gcc_isr.n_pushed.001
     /tmp/ccJj2IqO.s:116    .text:000000000000003e .Loc.29
     /tmp/ccJj2IqO.s:117    .text:000000000000003e .Loc.30
     /tmp/ccJj2IqO.s:120    .text:0000000000000046 .Loc.31
     /tmp/ccJj2IqO.s:401    .bss:0000000000000006 adc_read
     /tmp/ccJj2IqO.s:123    .text:000000000000004e .Loc.32
     /tmp/ccJj2IqO.s:124    .text:000000000000004e .Loc.33
     /tmp/ccJj2IqO.s:391    .bss:0000000000000004 adc_rdy
     /tmp/ccJj2IqO.s:128    .text:0000000000000054 .Loc.34
     /tmp/ccJj2IqO.s:133    .text:000000000000005a L0
GAS LISTING /tmp/ccJj2IqO.s 			page 23


     /tmp/ccJj2IqO.s:138    .text:000000000000005a __vector_16
     /tmp/ccJj2IqO.s:140    .text:000000000000005a .Loc.35
     /tmp/ccJj2IqO.s:141    .text:000000000000005a L0
                            *ABS*:0000000000000001 __gcc_isr.n_pushed.002
     /tmp/ccJj2IqO.s:147    .text:000000000000005c .Loc.36
     /tmp/ccJj2IqO.s:148    .text:000000000000005c .Loc.37
     /tmp/ccJj2IqO.s:386    .bss:0000000000000003 sync
     /tmp/ccJj2IqO.s:152    .text:0000000000000062 .Loc.38
     /tmp/ccJj2IqO.s:156    .text:0000000000000066 L0
     /tmp/ccJj2IqO.s:161    .text:0000000000000066 __vector_9
     /tmp/ccJj2IqO.s:163    .text:0000000000000066 .Loc.39
     /tmp/ccJj2IqO.s:164    .text:0000000000000066 L0
                            *ABS*:0000000000000003 __gcc_isr.n_pushed.003
     /tmp/ccJj2IqO.s:170    .text:0000000000000070 .Loc.40
     /tmp/ccJj2IqO.s:171    .text:0000000000000070 .Loc.41
     /tmp/ccJj2IqO.s:173    .text:0000000000000074 .Loc.42
     /tmp/ccJj2IqO.s:174    .text:0000000000000074 .Loc.43
     /tmp/ccJj2IqO.s:381    .bss:0000000000000002 adc_mux_rdy
     /tmp/ccJj2IqO.s:178    .text:000000000000007a .Loc.44
     /tmp/ccJj2IqO.s:182    .text:0000000000000084 L0
     /tmp/ccJj2IqO.s:187    .text:0000000000000084 calibrate_timer0
     /tmp/ccJj2IqO.s:189    .text:0000000000000084 .Loc.45
     /tmp/ccJj2IqO.s:190    .text:0000000000000084 L0
     /tmp/ccJj2IqO.s:195    .text:0000000000000084 .Loc.46
     /tmp/ccJj2IqO.s:196    .text:0000000000000084 .Loc.47
     /tmp/ccJj2IqO.s:197    .text:0000000000000084 .Loc.48
     /tmp/ccJj2IqO.s:396    .bss:0000000000000005 calibrating
     /tmp/ccJj2IqO.s:200    .text:000000000000008a .Loc.49
     /tmp/ccJj2IqO.s:202    .text:000000000000008e .Loc.50
     /tmp/ccJj2IqO.s:205    .text:0000000000000094 .Loc.51
     /tmp/ccJj2IqO.s:208    .text:0000000000000094 .Loc.52
     /tmp/ccJj2IqO.s:210    .text:0000000000000094 .Loc.53
     /tmp/ccJj2IqO.s:211    .text:0000000000000094 .Loc.54
     /tmp/ccJj2IqO.s:215    .text:0000000000000098 .Loc.55
     /tmp/ccJj2IqO.s:216    .text:0000000000000098 .Loc.56
     /tmp/ccJj2IqO.s:219    .text:000000000000009e .Loc.57
     /tmp/ccJj2IqO.s:221    .text:00000000000000a2 .Loc.58
     /tmp/ccJj2IqO.s:224    .text:00000000000000a8 .Loc.59
     /tmp/ccJj2IqO.s:226    .text:00000000000000ac .Loc.60
     /tmp/ccJj2IqO.s:229    .text:00000000000000b2 .Loc.61
     /tmp/ccJj2IqO.s:231    .text:00000000000000b2 .Loc.62
     /tmp/ccJj2IqO.s:232    .text:00000000000000b2 .Loc.63
     /tmp/ccJj2IqO.s:237    .text:00000000000000b6 .Loc.64
     /tmp/ccJj2IqO.s:238    .text:00000000000000b6 .Loc.65
     /tmp/ccJj2IqO.s:244    .text:00000000000000c4 .Loc.66
     /tmp/ccJj2IqO.s:246    .text:00000000000000c4 .Loc.67
     /tmp/ccJj2IqO.s:249    .text:00000000000000c6 .Loc.68
     /tmp/ccJj2IqO.s:256    .text:00000000000000ce .Loc.69
     /tmp/ccJj2IqO.s:257    .text:00000000000000ce .Loc.70
     /tmp/ccJj2IqO.s:262    .text:00000000000000da .Loc.71
     /tmp/ccJj2IqO.s:264    .text:00000000000000da .Loc.72
     /tmp/ccJj2IqO.s:267    .text:00000000000000dc .Loc.73
     /tmp/ccJj2IqO.s:270    .text:00000000000000e0 .Loc.74
     /tmp/ccJj2IqO.s:271    .text:00000000000000e0 .Loc.75
     /tmp/ccJj2IqO.s:371    .bss:0000000000000000 OFFSET
     /tmp/ccJj2IqO.s:274    .text:00000000000000e4 .Loc.76
     /tmp/ccJj2IqO.s:276    .text:00000000000000e6 .Loc.77
GAS LISTING /tmp/ccJj2IqO.s 			page 24


     /tmp/ccJj2IqO.s:279    .text:00000000000000ea .Loc.78
     /tmp/ccJj2IqO.s:282    .text:00000000000000ee .Loc.79
     /tmp/ccJj2IqO.s:283    .text:00000000000000ee .Loc.80
     /tmp/ccJj2IqO.s:286    .text:00000000000000f4 .Loc.81
     /tmp/ccJj2IqO.s:287    .text:00000000000000f4 .Loc.82
     /tmp/ccJj2IqO.s:291    .text:00000000000000fe .Loc.83
     /tmp/ccJj2IqO.s:293    .text:0000000000000102 .Loc.84
     /tmp/ccJj2IqO.s:296    .text:0000000000000108 .Loc.85
     /tmp/ccJj2IqO.s:298    .text:0000000000000108 .Loc.86
     /tmp/ccJj2IqO.s:302    .text:0000000000000110 .Loc.87
     /tmp/ccJj2IqO.s:303    .text:0000000000000110 .Loc.88
     /tmp/ccJj2IqO.s:305    .text:0000000000000112 .Loc.89
     /tmp/ccJj2IqO.s:306    .text:0000000000000112 .Loc.90
     /tmp/ccJj2IqO.s:309    .text:0000000000000116 .Loc.91
     /tmp/ccJj2IqO.s:310    .text:0000000000000116 .Loc.92
     /tmp/ccJj2IqO.s:376    .bss:0000000000000001 TIMER0_TOP
     /tmp/ccJj2IqO.s:313    .text:000000000000011c .Loc.93
     /tmp/ccJj2IqO.s:314    .text:000000000000011c .Loc.94
     /tmp/ccJj2IqO.s:316    .text:0000000000000120 .Loc.95
     /tmp/ccJj2IqO.s:318    .text:0000000000000124 .Loc.96
     /tmp/ccJj2IqO.s:321    .text:000000000000012a .Loc.97
     /tmp/ccJj2IqO.s:322    .text:000000000000012a .Loc.98
     /tmp/ccJj2IqO.s:324    .text:000000000000012e .Loc.99
     /tmp/ccJj2IqO.s:325    .text:000000000000012e .Loc.100
     /tmp/ccJj2IqO.s:328    .text:0000000000000132 .Loc.101
     /tmp/ccJj2IqO.s:330    .text:0000000000000134 L0
     /tmp/ccJj2IqO.s:335    .text:0000000000000134 init_adc
     /tmp/ccJj2IqO.s:337    .text:0000000000000134 .Loc.102
     /tmp/ccJj2IqO.s:338    .text:0000000000000134 L0
     /tmp/ccJj2IqO.s:343    .text:0000000000000134 .Loc.103
     /tmp/ccJj2IqO.s:348    .text:0000000000000136 .Loc.104
     /tmp/ccJj2IqO.s:353    .text:000000000000013c .Loc.105
     /tmp/ccJj2IqO.s:356    .text:0000000000000140 .Loc.106
     /tmp/ccJj2IqO.s:358    .text:0000000000000142 .Loc.107
     /tmp/ccJj2IqO.s:361    .text:0000000000000146 .Loc.108
     /tmp/ccJj2IqO.s:364    .text:000000000000014a L0
     /tmp/ccJj2IqO.s:406    .text:000000000000014a L0
                     .debug_frame:0000000000000000 L0
     /tmp/ccJj2IqO.s:236    .text:00000000000000b6 .L8
     /tmp/ccJj2IqO.s:255    .text:00000000000000ce .L10
     /tmp/ccJj2IqO.s:297    .text:0000000000000108 .L12
     /tmp/ccJj2IqO.s:627    .debug_abbrev:0000000000000000 .Ldebug_abbrev0
     /tmp/ccJj2IqO.s:8      .text:0000000000000000 .Ltext0
     /tmp/ccJj2IqO.s:404    .text:000000000000014a .Letext0
     /tmp/ccJj2IqO.s:940    .debug_line:0000000000000000 .Ldebug_line0
     /tmp/ccJj2IqO.s:336    .text:0000000000000134 .LFB18
     /tmp/ccJj2IqO.s:365    .text:000000000000014a .LFE18
     /tmp/ccJj2IqO.s:363    .text:000000000000014a .LVL10
     /tmp/ccJj2IqO.s:188    .text:0000000000000084 .LFB17
     /tmp/ccJj2IqO.s:331    .text:0000000000000134 .LFE17
     /tmp/ccJj2IqO.s:882    .debug_loclists:0000000000000016 .LLST0
     /tmp/ccJj2IqO.s:871    .debug_loclists:000000000000000c .LVUS0
     /tmp/ccJj2IqO.s:207    .text:0000000000000094 .LBI4
     /tmp/ccJj2IqO.s:206    .text:0000000000000094 .LBB4
     /tmp/ccJj2IqO.s:214    .text:0000000000000098 .LBE4
     /tmp/ccJj2IqO.s:278    .text:00000000000000ea .LVL8
     /tmp/ccJj2IqO.s:281    .text:00000000000000ee .LVL9
GAS LISTING /tmp/ccJj2IqO.s 			page 25


     /tmp/ccJj2IqO.s:162    .text:0000000000000066 .LFB16
     /tmp/ccJj2IqO.s:183    .text:0000000000000084 .LFE16
     /tmp/ccJj2IqO.s:139    .text:000000000000005a .LFB15
     /tmp/ccJj2IqO.s:157    .text:0000000000000066 .LFE15
     /tmp/ccJj2IqO.s:105    .text:000000000000003a .LFB14
     /tmp/ccJj2IqO.s:134    .text:000000000000005a .LFE14
     /tmp/ccJj2IqO.s:77     .text:0000000000000028 .LFB13
     /tmp/ccJj2IqO.s:100    .text:000000000000003a .LFE13
     /tmp/ccJj2IqO.s:14     .text:0000000000000000 .LFB11
     /tmp/ccJj2IqO.s:53     .text:0000000000000022 .LFE11
     /tmp/ccJj2IqO.s:58     .text:0000000000000022 .LFB12
     /tmp/ccJj2IqO.s:72     .text:0000000000000028 .LFE12
     /tmp/ccJj2IqO.s:407    .debug_info:0000000000000000 .Ldebug_info0

UNDEFINED SYMBOLS
__do_clear_bss
